Build started 23.09.2015 19:45:37.
     1>Project "C:\Users\nanos\documents\visual studio 2015\Projects\Matrix\Matrix\Matrix.vcxproj" on node 2 (Build target(s)).
     1>ClCompile:
         D:\Data\Visual Studio Enterprise 2015\VC\bin\CL.exe /c /ZI /nologo /W3 /WX- /sdl /Od /Oy- /D WIN32 /D _DEBUG /D _CONSOLE /D _UNICODE /D UNICODE /Gm /EHsc /RTC1 /MDd /GS /fp:precise /Zc:wchar_t /Zc:forScope /Zc:inline /Fo"Debug\\" /Fd"Debug\vc140.pdb" /Gd /TP /analyze- /errorReport:prompt Matrix.cpp Source.cpp
         Matrix.cpp
     1>c:\users\nanos\documents\visual studio 2015\projects\matrix\matrix\matrix.cpp(9): error C2600: 'Matrix::Matrix': cannot define a compiler-generated special member function (must be declared in the class first)
     1>c:\users\nanos\documents\visual studio 2015\projects\matrix\matrix\matrix.cpp(13): error C2600: 'Matrix::~Matrix': cannot define a compiler-generated special member function (must be declared in the class first)
     1>c:\users\nanos\documents\visual studio 2015\projects\matrix\matrix\matrix.cpp(18): warning C4244: 'argument': conversion from 'time_t' to 'unsigned int', possible loss of data
         Generating Code...
         Compiling...
         Source.cpp
         Generating Code...
     1>Done Building Project "C:\Users\nanos\documents\visual studio 2015\Projects\Matrix\Matrix\Matrix.vcxproj" (Build target(s)) -- FAILED.

Build FAILED.

Time Elapsed 00:00:01.18
